0 info it worked if it ends with ok
1 verbose cli [ '/usr/local/bin/node',
1 verbose cli   '/usr/local/bin/npm',
1 verbose cli   'install',
1 verbose cli   '-g',
1 verbose cli   'git' ]
2 info using npm@2.15.8
3 info using node@v4.4.7
4 verbose install initial load of /usr/local/lib/package.json
5 verbose readDependencies loading dependencies from /usr/local/lib/package.json
6 silly cache add args [ 'git', null ]
7 verbose cache add spec git
8 silly cache add parsed spec Result {
8 silly cache add   raw: 'git',
8 silly cache add   scope: null,
8 silly cache add   name: 'git',
8 silly cache add   rawSpec: '',
8 silly cache add   spec: 'latest',
8 silly cache add   type: 'tag' }
9 silly addNamed git@latest
10 verbose addNamed "latest" is being treated as a dist-tag for git
11 info addNameTag [ 'git', 'latest' ]
12 silly mapToRegistry name git
13 silly mapToRegistry using default registry
14 silly mapToRegistry registry https://registry.npmjs.org/
15 silly mapToRegistry data Result {
15 silly mapToRegistry   raw: 'git',
15 silly mapToRegistry   scope: null,
15 silly mapToRegistry   name: 'git',
15 silly mapToRegistry   rawSpec: '',
15 silly mapToRegistry   spec: 'latest',
15 silly mapToRegistry   type: 'tag' }
16 silly mapToRegistry uri https://registry.npmjs.org/git
17 verbose addNameTag registry:https://registry.npmjs.org/git not in flight; fetching
18 verbose request uri https://registry.npmjs.org/git
19 verbose request no auth needed
20 info attempt registry request try #1 at 2:46:24 PM
21 verbose request id f48224138bcc9dda
22 verbose etag "67DUGXYDEMG9INUN0YVNY2THZ"
23 http request GET https://registry.npmjs.org/git
24 http 304 https://registry.npmjs.org/git
25 verbose headers { date: 'Wed, 29 Jun 2016 12:46:24 GMT',
25 verbose headers   via: '1.1 varnish',
25 verbose headers   'cache-control': 'max-age=300',
25 verbose headers   etag: '"67DUGXYDEMG9INUN0YVNY2THZ"',
25 verbose headers   age: '0',
25 verbose headers   connection: 'keep-alive',
25 verbose headers   'x-served-by': 'cache-fra1233-FRA',
25 verbose headers   'x-cache': 'HIT',
25 verbose headers   'x-cache-hits': '1',
25 verbose headers   'x-timer': 'S1467204384.144313,VS0,VE179',
25 verbose headers   vary: 'Accept-Encoding' }
26 silly get cb [ 304,
26 silly get   { date: 'Wed, 29 Jun 2016 12:46:24 GMT',
26 silly get     via: '1.1 varnish',
26 silly get     'cache-control': 'max-age=300',
26 silly get     etag: '"67DUGXYDEMG9INUN0YVNY2THZ"',
26 silly get     age: '0',
26 silly get     connection: 'keep-alive',
26 silly get     'x-served-by': 'cache-fra1233-FRA',
26 silly get     'x-cache': 'HIT',
26 silly get     'x-cache-hits': '1',
26 silly get     'x-timer': 'S1467204384.144313,VS0,VE179',
26 silly get     vary: 'Accept-Encoding' } ]
27 verbose etag https://registry.npmjs.org/git from cache
28 verbose get saving git to /Users/nick.grosveld/.npm/registry.npmjs.org/git/.cache.json
29 verbose correctMkdir /Users/nick.grosveld/.npm correctMkdir not in flight; initializing
30 silly addNameTag next cb for git with tag latest
31 silly addNamed git@0.1.5
32 verbose addNamed "0.1.5" is a plain semver version for git
33 silly cache afterAdd git@0.1.5
34 verbose afterAdd /Users/nick.grosveld/.npm/git/0.1.5/package/package.json not in flight; writing
35 verbose correctMkdir /Users/nick.grosveld/.npm correctMkdir not in flight; initializing
36 verbose afterAdd /Users/nick.grosveld/.npm/git/0.1.5/package/package.json written
37 silly install resolved [ { name: 'git',
37 silly install resolved     description: 'A node.js library for git',
37 silly install resolved     version: '0.1.5',
37 silly install resolved     author: { name: 'Christian Amor Kvalheim', email: 'christkv@gmail.com' },
37 silly install resolved     contributors: [ [Object] ],
37 silly install resolved     repository:
37 silly install resolved      { type: 'git',
37 silly install resolved        url: 'git+ssh://git@github.com/christkv/node-git.git' },
37 silly install resolved     bugs: { url: 'http://groups.google.com/group/nodegit' },
37 silly install resolved     main: './lib/git/index',
37 silly install resolved     directories: { lib: './lib/git' },
37 silly install resolved     engines: { node: '>=0.4.0' },
37 silly install resolved     dependencies: { mime: '1.2.9' },
37 silly install resolved     devDependencies: { nodeunit: '>=0.5.1' },
37 silly install resolved     licenses: [ [Object] ],
37 silly install resolved     scripts: { test: 'nodeunit test' },
37 silly install resolved     readme: '[![build status](https://secure.travis-ci.org/christkv/node-git.png)](http://travis-ci.org/christkv/node-git)\n\n# Introduction\n\nThis is a library for Git written in Node.js. It\'s as close a port of grit http://github.com/mojombo/grit.\n\nThe idea is to allow for manipulation of git repositories by the node.js application. Not everything is\nimplemented directly in node-git. Some of the stuff is using the native git command line instead of\ndirect javascript code. Also it\'s fairly synchronous right now but that will hopefully change a little\nby little over time as it gets more stable and I start using it in real life scenarios.\n\n## Github information\n\nThe source code is available at http://github.com/christkv/node-git.\nYou can either clone the repository or download a tarball of the latest release.\n\nOnce you have the source you can test the driver by running\n\n\t$ make test\n\nOn windows:\n\n\tPS > node.exe .\\node_modules\\nodeunit\\bin\\nodeunit .\\test\n\t\n## Examples\n\nFor simple examples of usage look at the tests included in the repository.\n\n## Notes\n\nThe current version is basic git support, don\'t expect everything to work as you expect it\noff the bat.\n\n## License\n\n\tCopyright 2009 - 2010 Christian Amor Kvalheim.\n\n\t  Licensed under the Apache License, Version 2.0 (the "License");\n\t  you may not use this file except in compliance with the License.\n\t  You may obtain a copy of the License at\n\n\t      http://www.apache.org/licenses/LICENSE-2.0\n\n\t  Unless required by applicable law or agreed to in writing, software\n\t  distributed under the License is distributed on an "AS IS" BASIS,\n\t  WITHOUT WARRANTIES OR CONDITIONS OF ANY KIND, either express or implied.\n\t  See the License for the specific language governing permissions and\n\t  limitations under the License.\n',
37 silly install resolved     readmeFilename: 'README.md',
37 silly install resolved     _id: 'git@0.1.5',
37 silly install resolved     dist:
37 silly install resolved      { shasum: '9ef62df93f851c27542143bf52d1c68b1017ca15',
37 silly install resolved        tarball: 'https://registry.npmjs.org/git/-/git-0.1.5.tgz' },
37 silly install resolved     _from: 'git@latest',
37 silly install resolved     _npmVersion: '1.2.23',
37 silly install resolved     _npmUser: { name: 'christkv', email: 'christkv@gmail.com' },
37 silly install resolved     maintainers: [ [Object] ],
37 silly install resolved     _shasum: '9ef62df93f851c27542143bf52d1c68b1017ca15',
37 silly install resolved     _resolved: 'https://registry.npmjs.org/git/-/git-0.1.5.tgz',
37 silly install resolved     homepage: 'https://github.com/christkv/node-git#readme' } ]
38 info install git@0.1.5 into /usr/local/lib
39 info installOne git@0.1.5
40 verbose installOne of git to /usr/local/lib not in flight; installing
41 verbose correctMkdir /Users/nick.grosveld/.npm/_locks correctMkdir not in flight; initializing
42 verbose lock using /Users/nick.grosveld/.npm/_locks/git-e31bd4a75b82f32e.lock for /usr/local/lib/node_modules/git
43 silly install write writing git 0.1.5 to /usr/local/lib/node_modules/git
44 verbose unbuild lib/node_modules/git
45 silly gentlyRm /usr/local/lib/node_modules/git is being purged from base /usr/local
46 verbose gentlyRm don't care about contents; nuking /usr/local/lib/node_modules/git
47 verbose tar unpack /Users/nick.grosveld/.npm/git/0.1.5/package.tgz
48 verbose tar unpacking to /usr/local/lib/node_modules/git
49 silly gentlyRm /usr/local/lib/node_modules/git is being purged
50 verbose gentlyRm don't care about contents; nuking /usr/local/lib/node_modules/git
51 silly gunzTarPerm modes [ '755', '644' ]
52 error tar.unpack untar error /Users/nick.grosveld/.npm/git/0.1.5/package.tgz
53 verbose unlock done using /Users/nick.grosveld/.npm/_locks/git-e31bd4a75b82f32e.lock for /usr/local/lib/node_modules/git
54 verbose fstream_path /usr/local/lib/node_modules/git
55 verbose fstream_type Directory
56 verbose fstream_class DirWriter
57 verbose stack Error: EACCES: permission denied, mkdir '/usr/local/lib/node_modules/git'
57 verbose stack     at Error (native)
58 verbose fstream_stack /usr/local/lib/node_modules/npm/node_modules/fstream/lib/dir-writer.js:35:25
58 verbose fstream_stack /usr/local/lib/node_modules/npm/node_modules/mkdirp/index.js:47:53
58 verbose fstream_stack FSReqWrap.oncomplete (fs.js:82:15)
59 verbose cwd /Users/nick.grosveld/Desktop/Test_App/stockApp
60 error Darwin 15.4.0
61 error argv "/usr/local/bin/node" "/usr/local/bin/npm" "install" "-g" "git"
62 error node v4.4.7
63 error npm  v2.15.8
64 error path /usr/local/lib/node_modules/git
65 error code EACCES
66 error errno -13
67 error syscall mkdir
68 error Error: EACCES: permission denied, mkdir '/usr/local/lib/node_modules/git'
68 error     at Error (native)
68 error  { [Error: EACCES: permission denied, mkdir '/usr/local/lib/node_modules/git']
68 error   errno: -13,
68 error   code: 'EACCES',
68 error   syscall: 'mkdir',
68 error   path: '/usr/local/lib/node_modules/git',
68 error   fstream_type: 'Directory',
68 error   fstream_path: '/usr/local/lib/node_modules/git',
68 error   fstream_class: 'DirWriter',
68 error   fstream_stack:
68 error    [ '/usr/local/lib/node_modules/npm/node_modules/fstream/lib/dir-writer.js:35:25',
68 error      '/usr/local/lib/node_modules/npm/node_modules/mkdirp/index.js:47:53',
68 error      'FSReqWrap.oncomplete (fs.js:82:15)' ] }
69 error Please try running this command again as root/Administrator.
70 verbose exit [ -13, true ]
71 verbose unbuild lib/node_modules/git
72 silly gentlyRm /usr/local/lib/node_modules/git is being purged from base /usr/local
73 verbose gentlyRm don't care about contents; nuking /usr/local/lib/node_modules/git
